This file contains any messages produced by compilers while
running configure, to aid debugging if configure makes a mistake.

It was created by libmtp configure 1.0.1, which was
generated by GNU Autoconf 2.63.  Invocation command line was

  $ ./configure 

## --------- ##
## Platform. ##
## --------- ##

hostname = milk.lan
uname -m = i386
uname -r = 10.0.0
uname -s = Darwin
uname -v = Darwin Kernel Version 10.0.0: Fri Jul 31 22:47:34 PDT 2009; root:xnu-1456.1.25~1/RELEASE_I386

/usr/bin/uname -p = i386
/bin/uname -X     = unknown

/bin/arch              = unknown
/usr/bin/arch -k       = unknown
/usr/convex/getsysinfo = unknown
/usr/bin/hostinfo      = Mach kernel version:
	 Darwin Kernel Version 10.0.0: Fri Jul 31 22:47:34 PDT 2009; root:xnu-1456.1.25~1/RELEASE_I386
Kernel configured for up to 2 processors.
2 processors are physically available.
2 processors are logically available.
Processor type: i486 (Intel 80486)
Processors active: 0 1
Primary memory available: 4.00 gigabytes
Default processor set: 107 tasks, 567 threads, 2 processors
Load average: 0.60, Mach factor: 1.43
/bin/machine           = unknown
/usr/bin/oslevel       = unknown
/bin/universe          = unknown

PATH: /Users/sixones/.gem/ruby/1.8.7-p72/bin
PATH: /Users/sixones/.ruby_versions/ruby-1.8.7-p72/bin
PATH: /opt/local/bin
PATH: /opt/local/sbin
PATH: /usr/bin
PATH: /bin
PATH: /usr/sbin
PATH: /sbin
PATH: /usr/local/bin
PATH: /usr/X11/bin


## ----------- ##
## Core tests. ##
## ----------- ##

configure:2090: checking for a BSD-compatible install
configure:2158: result: /usr/bin/install -c
configure:2169: checking whether build environment is sane
configure:2229: result: yes
configure:2370: checking for a thread-safe mkdir -p
configure:2409: result: ./install-sh -c -d
configure:2422: checking for gawk
configure:2438: found /opt/local/bin/gawk
configure:2449: result: gawk
configure:2460: checking whether make sets $(MAKE)
configure:2482: result: yes
configure:2623: checking for gcc
configure:2639: found /usr/bin/gcc
configure:2650: result: gcc
configure:2882: checking for C compiler version
configure:2890: gcc --version >&5
i686-apple-darwin10-gcc-4.2.1 (GCC) 4.2.1 (Apple Inc. build 5646)
Copyright (C) 2007 Free Software Foundation, Inc.
This is free software; see the source for copying conditions.  There is NO
warranty; not even for MERCHANTABILITY or FITNESS FOR A PARTICULAR PURPOSE.

configure:2894: $? = 0
configure:2901: gcc -v >&5
Using built-in specs.
Target: i686-apple-darwin10
Configured with: /var/tmp/gcc/gcc-5646~6/src/configure --disable-checking --enable-werror --prefix=/usr --mandir=/share/man --enable-languages=c,objc,c++,obj-c++ --program-transform-name=/^[cg][^.-]*$/s/$/-4.2/ --with-slibdir=/usr/lib --build=i686-apple-darwin10 --with-gxx-include-dir=/include/c++/4.2.1 --program-prefix=i686-apple-darwin10- --host=x86_64-apple-darwin10 --target=i686-apple-darwin10
Thread model: posix
gcc version 4.2.1 (Apple Inc. build 5646)
configure:2905: $? = 0
configure:2912: gcc -V >&5
gcc-4.2: argument to `-V' is missing
configure:2916: $? = 1
configure:2939: checking for C compiler default output file name
configure:2961: gcc   -framework IOKit -framework CoreFoundation conftest.c  >&5
configure:2965: $? = 0
configure:3003: result: a.out
configure:3022: checking whether the C compiler works
configure:3032: ./a.out
configure:3036: $? = 0
configure:3055: result: yes
configure:3062: checking whether we are cross compiling
configure:3064: result: no
configure:3067: checking for suffix of executables
configure:3074: gcc -o conftest   -framework IOKit -framework CoreFoundation conftest.c  >&5
configure:3078: $? = 0
configure:3104: result: 
configure:3110: checking for suffix of object files
configure:3136: gcc -c   conftest.c >&5
configure:3140: $? = 0
configure:3165: result: o
configure:3169: checking whether we are using the GNU C compiler
configure:3198: gcc -c   conftest.c >&5
configure:3205: $? = 0
configure:3222: result: yes
configure:3231: checking whether gcc accepts -g
configure:3261: gcc -c -g  conftest.c >&5
configure:3268: $? = 0
configure:3369: result: yes
configure:3386: checking for gcc option to accept ISO C89
configure:3460: gcc  -c -g -O2  conftest.c >&5
configure:3467: $? = 0
configure:3490: result: none needed
configure:3519: checking for style of include used by make
configure:3547: result: GNU
configure:3572: checking dependency style of gcc
configure:3682: result: gcc3
configure:3711: checking for a BSD-compatible install
configure:3779: result: /usr/bin/install -c
configure:3790: checking whether ln -s works
configure:3794: result: yes
configure:3807: checking build system type
configure:3825: result: i386-apple-darwin10.0.0
configure:3847: checking host system type
configure:3862: result: i386-apple-darwin10.0.0
configure:4212: checking for a sed that does not truncate output
configure:4278: result: /opt/local/bin/gsed
configure:4296: checking for grep that handles long lines and -e
configure:4356: result: /usr/bin/grep
configure:4361: checking for egrep
configure:4425: result: /usr/bin/grep -E
configure:4430: checking for fgrep
configure:4494: result: /usr/bin/grep -F
configure:4529: checking for ld used by gcc
configure:4596: result: /usr/libexec/gcc/i686-apple-darwin10/4.2.1/ld
configure:4605: checking if the linker (/usr/libexec/gcc/i686-apple-darwin10/4.2.1/ld) is GNU ld
configure:4620: result: no
configure:4632: checking for BSD- or MS-compatible name lister (nm)
configure:4681: result: /usr/bin/nm
configure:4799: checking the name lister (/usr/bin/nm) interface
configure:4806: gcc -c -g -O2  conftest.c >&5
configure:4809: /usr/bin/nm "conftest.o"
configure:4812: output
0000000000000184 D _some_variable
configure:4819: result: BSD nm
configure:4823: checking the maximum length of command line arguments
configure:4943: result: 196608
configure:4960: checking whether the shell understands some XSI constructs
configure:4970: result: yes
configure:4974: checking whether the shell understands "+="
configure:4980: result: yes
configure:5015: checking for /usr/libexec/gcc/i686-apple-darwin10/4.2.1/ld option to reload object files
configure:5022: result: -r
configure:5091: checking for objdump
configure:5118: result: objdump
configure:5147: checking how to recognize dependent libraries
configure:5343: result: pass_all
configure:5403: checking for ar
configure:5419: found /usr/bin/ar
configure:5430: result: ar
configure:5508: checking for strip
configure:5524: found /usr/bin/strip
configure:5535: result: strip
configure:5607: checking for ranlib
configure:5623: found /usr/bin/ranlib
configure:5634: result: ranlib
configure:5724: checking command to parse /usr/bin/nm output from gcc object
configure:5842: gcc -c -g -O2  conftest.c >&5
configure:5845: $? = 0
configure:5849: /usr/bin/nm conftest.o \| sed -n -e 's/^.*[	 ]\([BCDEGRST][BCDEGRST]*\)[	 ][	 ]*\([_A-Za-z][_A-Za-z0-9]*\)$/\1 \2 \2/p' \> conftest.nm
configure:5852: $? = 0
cannot find nm_test_var in conftest.nm
configure:5842: gcc -c -g -O2  conftest.c >&5
configure:5845: $? = 0
configure:5849: /usr/bin/nm conftest.o \| sed -n -e 's/^.*[	 ]\([BCDEGRST][BCDEGRST]*\)[	 ][	 ]*_\([_A-Za-z][_A-Za-z0-9]*\)$/\1 _\2 \2/p' \> conftest.nm
configure:5852: $? = 0
configure:5906: gcc -o conftest -g -O2  -framework IOKit -framework CoreFoundation conftest.c conftstm.o >&5
configure:5909: $? = 0
configure:5947: result: ok
configure:6241: checking for dsymutil
configure:6257: found /usr/bin/dsymutil
configure:6268: result: dsymutil
configure:6333: checking for nmedit
configure:6349: found /usr/bin/nmedit
configure:6360: result: nmedit
configure:6425: checking for lipo
configure:6441: found /usr/bin/lipo
configure:6452: result: lipo
configure:6517: checking for otool
configure:6533: found /usr/bin/otool
configure:6544: result: otool
configure:6609: checking for otool64
configure:6639: result: no
configure:6684: checking for -single_module linker flag
gcc -g -O2 -framework IOKit -framework CoreFoundation -o libconftest.dylib -dynamiclib -Wl,-single_module conftest.c
configure:6711: result: yes
configure:6713: checking for -exported_symbols_list linker flag
configure:6743: gcc -o conftest -g -O2  -framework IOKit -framework CoreFoundation -Wl,-exported_symbols_list,conftest.sym conftest.c  >&5
configure:6750: $? = 0
configure:6772: result: yes
configure:6814: checking how to run the C preprocessor
configure:6854: gcc -E  conftest.c
configure:6861: $? = 0
configure:6892: gcc -E  conftest.c
conftest.c:10:28: error: ac_nonexistent.h: No such file or directory
configure:6899: $? = 1
configure: failed program was:
| /* confdefs.h.  */
| #define PACKAGE_NAME "libmtp"
| #define PACKAGE_TARNAME "libmtp"
| #define PACKAGE_VERSION "1.0.1"
| #define PACKAGE_STRING "libmtp 1.0.1"
| #define PACKAGE_BUGREPORT "libmtp-discuss@lists.sourceforge.net"
| #define PACKAGE "libmtp"
| #define VERSION "1.0.1"
| /* end confdefs.h.  */
| #include <ac_nonexistent.h>
configure:6932: result: gcc -E
configure:6961: gcc -E  conftest.c
configure:6968: $? = 0
configure:6999: gcc -E  conftest.c
conftest.c:10:28: error: ac_nonexistent.h: No such file or directory
configure:7006: $? = 1
configure: failed program was:
| /* confdefs.h.  */
| #define PACKAGE_NAME "libmtp"
| #define PACKAGE_TARNAME "libmtp"
| #define PACKAGE_VERSION "1.0.1"
| #define PACKAGE_STRING "libmtp 1.0.1"
| #define PACKAGE_BUGREPORT "libmtp-discuss@lists.sourceforge.net"
| #define PACKAGE "libmtp"
| #define VERSION "1.0.1"
| /* end confdefs.h.  */
| #include <ac_nonexistent.h>
configure:7046: checking for ANSI C header files
configure:7076: gcc -c -g -O2  conftest.c >&5
configure:7083: $? = 0
configure:7182: gcc -o conftest -g -O2  -framework IOKit -framework CoreFoundation conftest.c  >&5
configure:7186: $? = 0
configure:7192: ./conftest
configure:7196: $? = 0
configure:7214: result: yes
configure:7238: checking for sys/types.h
configure:7259: gcc -c -g -O2  conftest.c >&5
configure:7266: $? = 0
configure:7283: result: yes
configure:7238: checking for sys/stat.h
configure:7259: gcc -c -g -O2  conftest.c >&5
configure:7266: $? = 0
configure:7283: result: yes
configure:7238: checking for stdlib.h
configure:7259: gcc -c -g -O2  conftest.c >&5
configure:7266: $? = 0
configure:7283: result: yes
configure:7238: checking for string.h
configure:7259: gcc -c -g -O2  conftest.c >&5
configure:7266: $? = 0
configure:7283: result: yes
configure:7238: checking for memory.h
configure:7259: gcc -c -g -O2  conftest.c >&5
configure:7266: $? = 0
configure:7283: result: yes
configure:7238: checking for strings.h
configure:7259: gcc -c -g -O2  conftest.c >&5
configure:7266: $? = 0
configure:7283: result: yes
configure:7238: checking for inttypes.h
configure:7259: gcc -c -g -O2  conftest.c >&5
configure:7266: $? = 0
configure:7283: result: yes
configure:7238: checking for stdint.h
configure:7259: gcc -c -g -O2  conftest.c >&5
configure:7266: $? = 0
configure:7283: result: yes
configure:7238: checking for unistd.h
configure:7259: gcc -c -g -O2  conftest.c >&5
configure:7266: $? = 0
configure:7283: result: yes
configure:7301: checking for dlfcn.h
configure:7322: gcc -c -g -O2  conftest.c >&5
configure:7329: $? = 0
configure:7346: result: yes
configure:7530: checking for objdir
configure:7545: result: .libs
configure:7841: checking if gcc supports -fno-rtti -fno-exceptions
configure:7859: gcc -c -g -O2  -fno-rtti -fno-exceptions conftest.c >&5
cc1: warning: command line option "-fno-rtti" is valid for C++/ObjC++ but not for C
configure:7863: $? = 0
configure:7876: result: no
configure:7896: checking for gcc option to produce PIC
configure:8168: result: -fno-common -DPIC
configure:8180: checking if gcc PIC flag -fno-common -DPIC works
configure:8198: gcc -c -g -O2  -fno-common -DPIC -DPIC conftest.c >&5
configure:8202: $? = 0
configure:8215: result: yes
configure:8239: checking if gcc static flag -static works
configure:8267: result: no
configure:8282: checking if gcc supports -c -o file.o
configure:8303: gcc -c -g -O2  -o out/conftest2.o conftest.c >&5
configure:8307: $? = 0
configure:8329: result: yes
configure:8337: checking if gcc supports -c -o file.o
configure:8384: result: yes
configure:8417: checking whether the gcc linker (/usr/libexec/gcc/i686-apple-darwin10/4.2.1/ld) supports shared libraries
configure:9491: result: yes
configure:9730: checking dynamic linker characteristics
configure:10416: result: darwin10.0.0 dyld
configure:10518: checking how to hardcode library paths into programs
configure:10543: result: immediate
configure:11376: checking whether stripping libraries is possible
configure:11390: result: yes
configure:11416: checking if libtool supports shared libraries
configure:11418: result: yes
configure:11421: checking whether to build shared libraries
configure:11442: result: yes
configure:11445: checking whether to build static libraries
configure:11449: result: yes
configure:11524: checking for ld used by GCC
configure:11588: result: /usr/libexec/gcc/i686-apple-darwin10/4.2.1/ld
configure:11597: checking if the linker (/usr/libexec/gcc/i686-apple-darwin10/4.2.1/ld) is GNU ld
configure:11610: result: no
configure:11617: checking for shared library run path origin
configure:11630: result: done
configure:12138: checking for iconv
configure:12170: gcc -o conftest -g -O2  -framework IOKit -framework CoreFoundation conftest.c  >&5
Undefined symbols:
  "_iconv_close", referenced from:
      _main in cc1auWn1.o
  "_iconv", referenced from:
      _main in cc1auWn1.o
  "_iconv_open", referenced from:
      _main in cc1auWn1.o
ld: symbol(s) not found
collect2: ld returned 1 exit status
configure:12177: $? = 1
configure: failed program was:
| /* confdefs.h.  */
| #define PACKAGE_NAME "libmtp"
| #define PACKAGE_TARNAME "libmtp"
| #define PACKAGE_VERSION "1.0.1"
| #define PACKAGE_STRING "libmtp 1.0.1"
| #define PACKAGE_BUGREPORT "libmtp-discuss@lists.sourceforge.net"
| #define PACKAGE "libmtp"
| #define VERSION "1.0.1"
| #define STDC_HEADERS 1
| #define HAVE_SYS_TYPES_H 1
| #define HAVE_SYS_STAT_H 1
| #define HAVE_STDLIB_H 1
| #define HAVE_STRING_H 1
| #define HAVE_MEMORY_H 1
| #define HAVE_STRINGS_H 1
| #define HAVE_INTTYPES_H 1
| #define HAVE_STDINT_H 1
| #define HAVE_UNISTD_H 1
| #define HAVE_DLFCN_H 1
| #define LT_OBJDIR ".libs/"
| /* end confdefs.h.  */
| #include <stdlib.h>
| #include <iconv.h>
| int
| main ()
| {
| iconv_t cd = iconv_open("","");
|        iconv(cd,NULL,NULL,NULL,NULL);
|        iconv_close(cd);
|   ;
|   return 0;
| }
configure:12223: gcc -o conftest -g -O2  -framework IOKit -framework CoreFoundation conftest.c  -liconv >&5
configure:12230: $? = 0
configure:12254: result: yes
configure:12257: checking for working iconv
configure:12343: gcc -o conftest -g -O2  -framework IOKit -framework CoreFoundation conftest.c  -liconv >&5
configure:12347: $? = 0
configure:12353: ./conftest
configure:12357: $? = 0
configure:12376: result: yes
configure:12393: checking how to link with libiconv
configure:12395: result: -liconv
configure:12406: checking for iconv declaration
configure:12445: gcc -c -g -O2  conftest.c >&5
configure:12452: $? = 0
configure:12471: result: 
         extern size_t iconv (iconv_t cd, char * *inbuf, size_t *inbytesleft, char * *outbuf, size_t *outbytesleft);
configure:12485: checking for doxygen
configure:12513: result: false
configure:12530: WARNING: *** doxygen not found, docs will not be built
configure:12535: checking if the host operating system is Darwin
configure:12539: result: yes
configure:12550: checking For MinGW32
configure:12558: result: no
configure:12622: checking for usb_control_msg in -lusb
configure:12657: gcc -o conftest -g -O2 -DUSE_DARWIN  -framework IOKit -framework CoreFoundation conftest.c -lusb -framework IOKit  >&5
configure:12664: $? = 0
configure:12685: result: yes
configure:12708: checking for ANSI C header files
configure:12876: result: yes
configure:12886: checking whether time.h and sys/time.h may both be included
configure:12916: gcc -c -g -O2 -DUSE_DARWIN  conftest.c >&5
configure:12923: $? = 0
configure:12938: result: yes
configure:12983: checking ctype.h usability
configure:13000: gcc -c -g -O2 -DUSE_DARWIN  conftest.c >&5
configure:13007: $? = 0
configure:13021: result: yes
configure:13025: checking ctype.h presence
configure:13040: gcc -E  conftest.c
configure:13047: $? = 0
configure:13061: result: yes
configure:13094: checking for ctype.h
configure:13103: result: yes
configure:12983: checking errno.h usability
configure:13000: gcc -c -g -O2 -DUSE_DARWIN  conftest.c >&5
configure:13007: $? = 0
configure:13021: result: yes
configure:13025: checking errno.h presence
configure:13040: gcc -E  conftest.c
configure:13047: $? = 0
configure:13061: result: yes
configure:13094: checking for errno.h
configure:13103: result: yes
configure:12983: checking fcntl.h usability
configure:13000: gcc -c -g -O2 -DUSE_DARWIN  conftest.c >&5
configure:13007: $? = 0
configure:13021: result: yes
configure:13025: checking fcntl.h presence
configure:13040: gcc -E  conftest.c
configure:13047: $? = 0
configure:13061: result: yes
configure:13094: checking for fcntl.h
configure:13103: result: yes
configure:12983: checking getopt.h usability
configure:13000: gcc -c -g -O2 -DUSE_DARWIN  conftest.c >&5
configure:13007: $? = 0
configure:13021: result: yes
configure:13025: checking getopt.h presence
configure:13040: gcc -E  conftest.c
configure:13047: $? = 0
configure:13061: result: yes
configure:13094: checking for getopt.h
configure:13103: result: yes
configure:12983: checking libgen.h usability
configure:13000: gcc -c -g -O2 -DUSE_DARWIN  conftest.c >&5
configure:13007: $? = 0
configure:13021: result: yes
configure:13025: checking libgen.h presence
configure:13040: gcc -E  conftest.c
configure:13047: $? = 0
configure:13061: result: yes
configure:13094: checking for libgen.h
configure:13103: result: yes
configure:12983: checking limits.h usability
configure:13000: gcc -c -g -O2 -DUSE_DARWIN  conftest.c >&5
configure:13007: $? = 0
configure:13021: result: yes
configure:13025: checking limits.h presence
configure:13040: gcc -E  conftest.c
configure:13047: $? = 0
configure:13061: result: yes
configure:13094: checking for limits.h
configure:13103: result: yes
configure:12983: checking stdio.h usability
configure:13000: gcc -c -g -O2 -DUSE_DARWIN  conftest.c >&5
configure:13007: $? = 0
configure:13021: result: yes
configure:13025: checking stdio.h presence
configure:13040: gcc -E  conftest.c
configure:13047: $? = 0
configure:13061: result: yes
configure:13094: checking for stdio.h
configure:13103: result: yes
configure:12972: checking for string.h
configure:12979: result: yes
configure:12972: checking for sys/stat.h
configure:12979: result: yes
configure:12983: checking sys/time.h usability
configure:13000: gcc -c -g -O2 -DUSE_DARWIN  conftest.c >&5
configure:13007: $? = 0
configure:13021: result: yes
configure:13025: checking sys/time.h presence
configure:13040: gcc -E  conftest.c
configure:13047: $? = 0
configure:13061: result: yes
configure:13094: checking for sys/time.h
configure:13103: result: yes
configure:12972: checking for unistd.h
configure:12979: result: yes
configure:12983: checking iconv.h usability
configure:13000: gcc -c -g -O2 -DUSE_DARWIN  conftest.c >&5
configure:13007: $? = 0
configure:13021: result: yes
configure:13025: checking iconv.h presence
configure:13040: gcc -E  conftest.c
configure:13047: $? = 0
configure:13061: result: yes
configure:13094: checking for iconv.h
configure:13103: result: yes
configure:12983: checking langinfo.h usability
configure:13000: gcc -c -g -O2 -DUSE_DARWIN  conftest.c >&5
configure:13007: $? = 0
configure:13021: result: yes
configure:13025: checking langinfo.h presence
configure:13040: gcc -E  conftest.c
configure:13047: $? = 0
configure:13061: result: yes
configure:13094: checking for langinfo.h
configure:13103: result: yes
configure:12983: checking locale.h usability
configure:13000: gcc -c -g -O2 -DUSE_DARWIN  conftest.c >&5
configure:13007: $? = 0
configure:13021: result: yes
configure:13025: checking locale.h presence
configure:13040: gcc -E  conftest.c
configure:13047: $? = 0
configure:13061: result: yes
configure:13094: checking for locale.h
configure:13103: result: yes
configure:12983: checking arpa/inet.h usability
configure:13000: gcc -c -g -O2 -DUSE_DARWIN  conftest.c >&5
configure:13007: $? = 0
configure:13021: result: yes
configure:13025: checking arpa/inet.h presence
configure:13040: gcc -E  conftest.c
configure:13047: $? = 0
configure:13061: result: yes
configure:13094: checking for arpa/inet.h
configure:13103: result: yes
configure:12983: checking byteswap.h usability
configure:13000: gcc -c -g -O2 -DUSE_DARWIN  conftest.c >&5
conftest.c:75:22: error: byteswap.h: No such file or directory
configure:13007: $? = 1
configure: failed program was:
| /* confdefs.h.  */
| #define PACKAGE_NAME "libmtp"
| #define PACKAGE_TARNAME "libmtp"
| #define PACKAGE_VERSION "1.0.1"
| #define PACKAGE_STRING "libmtp 1.0.1"
| #define PACKAGE_BUGREPORT "libmtp-discuss@lists.sourceforge.net"
| #define PACKAGE "libmtp"
| #define VERSION "1.0.1"
| #define STDC_HEADERS 1
| #define HAVE_SYS_TYPES_H 1
| #define HAVE_SYS_STAT_H 1
| #define HAVE_STDLIB_H 1
| #define HAVE_STRING_H 1
| #define HAVE_MEMORY_H 1
| #define HAVE_STRINGS_H 1
| #define HAVE_INTTYPES_H 1
| #define HAVE_STDINT_H 1
| #define HAVE_UNISTD_H 1
| #define HAVE_DLFCN_H 1
| #define LT_OBJDIR ".libs/"
| #define HAVE_ICONV 1
| #define ICONV_CONST 
| #define HAVE_LIBUSB 1
| #define STDC_HEADERS 1
| #define TIME_WITH_SYS_TIME 1
| #define HAVE_CTYPE_H 1
| #define HAVE_ERRNO_H 1
| #define HAVE_FCNTL_H 1
| #define HAVE_GETOPT_H 1
| #define HAVE_LIBGEN_H 1
| #define HAVE_LIMITS_H 1
| #define HAVE_STDIO_H 1
| #define HAVE_STRING_H 1
| #define HAVE_SYS_STAT_H 1
| #define HAVE_SYS_TIME_H 1
| #define HAVE_UNISTD_H 1
| #define HAVE_ICONV_H 1
| #define HAVE_LANGINFO_H 1
| #define HAVE_LOCALE_H 1
| #define HAVE_ARPA_INET_H 1
| /* end confdefs.h.  */
| #include <stdio.h>
| #ifdef HAVE_SYS_TYPES_H
| # include <sys/types.h>
| #endif
| #ifdef HAVE_SYS_STAT_H
| # include <sys/stat.h>
| #endif
| #ifdef STDC_HEADERS
| # include <stdlib.h>
| # include <stddef.h>
| #else
| # ifdef HAVE_STDLIB_H
| #  include <stdlib.h>
| # endif
| #endif
| #ifdef HAVE_STRING_H
| # if !defined STDC_HEADERS && defined HAVE_MEMORY_H
| #  include <memory.h>
| # endif
| # include <string.h>
| #endif
| #ifdef HAVE_STRINGS_H
| # include <strings.h>
| #endif
| #ifdef HAVE_INTTYPES_H
| # include <inttypes.h>
| #endif
| #ifdef HAVE_STDINT_H
| # include <stdint.h>
| #endif
| #ifdef HAVE_UNISTD_H
| # include <unistd.h>
| #endif
| #include <byteswap.h>
configure:13021: result: no
configure:13025: checking byteswap.h presence
configure:13040: gcc -E  conftest.c
conftest.c:42:22: error: byteswap.h: No such file or directory
configure:13047: $? = 1
configure: failed program was:
| /* confdefs.h.  */
| #define PACKAGE_NAME "libmtp"
| #define PACKAGE_TARNAME "libmtp"
| #define PACKAGE_VERSION "1.0.1"
| #define PACKAGE_STRING "libmtp 1.0.1"
| #define PACKAGE_BUGREPORT "libmtp-discuss@lists.sourceforge.net"
| #define PACKAGE "libmtp"
| #define VERSION "1.0.1"
| #define STDC_HEADERS 1
| #define HAVE_SYS_TYPES_H 1
| #define HAVE_SYS_STAT_H 1
| #define HAVE_STDLIB_H 1
| #define HAVE_STRING_H 1
| #define HAVE_MEMORY_H 1
| #define HAVE_STRINGS_H 1
| #define HAVE_INTTYPES_H 1
| #define HAVE_STDINT_H 1
| #define HAVE_UNISTD_H 1
| #define HAVE_DLFCN_H 1
| #define LT_OBJDIR ".libs/"
| #define HAVE_ICONV 1
| #define ICONV_CONST 
| #define HAVE_LIBUSB 1
| #define STDC_HEADERS 1
| #define TIME_WITH_SYS_TIME 1
| #define HAVE_CTYPE_H 1
| #define HAVE_ERRNO_H 1
| #define HAVE_FCNTL_H 1
| #define HAVE_GETOPT_H 1
| #define HAVE_LIBGEN_H 1
| #define HAVE_LIMITS_H 1
| #define HAVE_STDIO_H 1
| #define HAVE_STRING_H 1
| #define HAVE_SYS_STAT_H 1
| #define HAVE_SYS_TIME_H 1
| #define HAVE_UNISTD_H 1
| #define HAVE_ICONV_H 1
| #define HAVE_LANGINFO_H 1
| #define HAVE_LOCALE_H 1
| #define HAVE_ARPA_INET_H 1
| /* end confdefs.h.  */
| #include <byteswap.h>
configure:13061: result: no
configure:13094: checking for byteswap.h
configure:13103: result: no
configure:12983: checking sys/uio.h usability
configure:13000: gcc -c -g -O2 -DUSE_DARWIN  conftest.c >&5
configure:13007: $? = 0
configure:13021: result: yes
configure:13025: checking sys/uio.h presence
configure:13040: gcc -E  conftest.c
configure:13047: $? = 0
configure:13061: result: yes
configure:13094: checking for sys/uio.h
configure:13103: result: yes
configure:13128: checking usb.h usability
configure:13145: gcc -c -g -O2 -DUSE_DARWIN  conftest.c >&5
configure:13152: $? = 0
configure:13166: result: yes
configure:13170: checking usb.h presence
configure:13185: gcc -E  conftest.c
configure:13192: $? = 0
configure:13206: result: yes
configure:13239: checking for usb.h
configure:13246: result: yes
configure:13267: checking for an ANSI C-conforming const
configure:13342: gcc -c -g -O2 -DUSE_DARWIN  conftest.c >&5
configure:13349: $? = 0
configure:13364: result: yes
configure:13374: checking for off_t
configure:13402: gcc -c -g -O2 -DUSE_DARWIN  conftest.c >&5
configure:13409: $? = 0
configure:13436: gcc -c -g -O2 -DUSE_DARWIN  conftest.c >&5
conftest.c: In function 'main':
conftest.c:79: error: expected expression before ')' token
configure:13443: $? = 1
configure: failed program was:
| /* confdefs.h.  */
| #define PACKAGE_NAME "libmtp"
| #define PACKAGE_TARNAME "libmtp"
| #define PACKAGE_VERSION "1.0.1"
| #define PACKAGE_STRING "libmtp 1.0.1"
| #define PACKAGE_BUGREPORT "libmtp-discuss@lists.sourceforge.net"
| #define PACKAGE "libmtp"
| #define VERSION "1.0.1"
| #define STDC_HEADERS 1
| #define HAVE_SYS_TYPES_H 1
| #define HAVE_SYS_STAT_H 1
| #define HAVE_STDLIB_H 1
| #define HAVE_STRING_H 1
| #define HAVE_MEMORY_H 1
| #define HAVE_STRINGS_H 1
| #define HAVE_INTTYPES_H 1
| #define HAVE_STDINT_H 1
| #define HAVE_UNISTD_H 1
| #define HAVE_DLFCN_H 1
| #define LT_OBJDIR ".libs/"
| #define HAVE_ICONV 1
| #define ICONV_CONST 
| #define HAVE_LIBUSB 1
| #define STDC_HEADERS 1
| #define TIME_WITH_SYS_TIME 1
| #define HAVE_CTYPE_H 1
| #define HAVE_ERRNO_H 1
| #define HAVE_FCNTL_H 1
| #define HAVE_GETOPT_H 1
| #define HAVE_LIBGEN_H 1
| #define HAVE_LIMITS_H 1
| #define HAVE_STDIO_H 1
| #define HAVE_STRING_H 1
| #define HAVE_SYS_STAT_H 1
| #define HAVE_SYS_TIME_H 1
| #define HAVE_UNISTD_H 1
| #define HAVE_ICONV_H 1
| #define HAVE_LANGINFO_H 1
| #define HAVE_LOCALE_H 1
| #define HAVE_ARPA_INET_H 1
| #define HAVE_SYS_UIO_H 1
| /* end confdefs.h.  */
| #include <stdio.h>
| #ifdef HAVE_SYS_TYPES_H
| # include <sys/types.h>
| #endif
| #ifdef HAVE_SYS_STAT_H
| # include <sys/stat.h>
| #endif
| #ifdef STDC_HEADERS
| # include <stdlib.h>
| # include <stddef.h>
| #else
| # ifdef HAVE_STDLIB_H
| #  include <stdlib.h>
| # endif
| #endif
| #ifdef HAVE_STRING_H
| # if !defined STDC_HEADERS && defined HAVE_MEMORY_H
| #  include <memory.h>
| # endif
| # include <string.h>
| #endif
| #ifdef HAVE_STRINGS_H
| # include <strings.h>
| #endif
| #ifdef HAVE_INTTYPES_H
| # include <inttypes.h>
| #endif
| #ifdef HAVE_STDINT_H
| # include <stdint.h>
| #endif
| #ifdef HAVE_UNISTD_H
| # include <unistd.h>
| #endif
| int
| main ()
| {
| if (sizeof ((off_t)))
| 	  return 0;
|   ;
|   return 0;
| }
configure:13466: result: yes
configure:13478: checking return type of signal handlers
configure:13506: gcc -c -g -O2 -DUSE_DARWIN  conftest.c >&5
conftest.c: In function 'main':
conftest.c:49: error: void value not ignored as it ought to be
configure:13513: $? = 1
configure: failed program was:
| /* confdefs.h.  */
| #define PACKAGE_NAME "libmtp"
| #define PACKAGE_TARNAME "libmtp"
| #define PACKAGE_VERSION "1.0.1"
| #define PACKAGE_STRING "libmtp 1.0.1"
| #define PACKAGE_BUGREPORT "libmtp-discuss@lists.sourceforge.net"
| #define PACKAGE "libmtp"
| #define VERSION "1.0.1"
| #define STDC_HEADERS 1
| #define HAVE_SYS_TYPES_H 1
| #define HAVE_SYS_STAT_H 1
| #define HAVE_STDLIB_H 1
| #define HAVE_STRING_H 1
| #define HAVE_MEMORY_H 1
| #define HAVE_STRINGS_H 1
| #define HAVE_INTTYPES_H 1
| #define HAVE_STDINT_H 1
| #define HAVE_UNISTD_H 1
| #define HAVE_DLFCN_H 1
| #define LT_OBJDIR ".libs/"
| #define HAVE_ICONV 1
| #define ICONV_CONST 
| #define HAVE_LIBUSB 1
| #define STDC_HEADERS 1
| #define TIME_WITH_SYS_TIME 1
| #define HAVE_CTYPE_H 1
| #define HAVE_ERRNO_H 1
| #define HAVE_FCNTL_H 1
| #define HAVE_GETOPT_H 1
| #define HAVE_LIBGEN_H 1
| #define HAVE_LIMITS_H 1
| #define HAVE_STDIO_H 1
| #define HAVE_STRING_H 1
| #define HAVE_SYS_STAT_H 1
| #define HAVE_SYS_TIME_H 1
| #define HAVE_UNISTD_H 1
| #define HAVE_ICONV_H 1
| #define HAVE_LANGINFO_H 1
| #define HAVE_LOCALE_H 1
| #define HAVE_ARPA_INET_H 1
| #define HAVE_SYS_UIO_H 1
| /* end confdefs.h.  */
| #include <sys/types.h>
| #include <signal.h>
| 
| int
| main ()
| {
| return *(signal (0, 0)) (0) == 1;
|   ;
|   return 0;
| }
configure:13528: result: void
configure:13536: checking for size_t
configure:13564: gcc -c -g -O2 -DUSE_DARWIN  conftest.c >&5
configure:13571: $? = 0
configure:13598: gcc -c -g -O2 -DUSE_DARWIN  conftest.c >&5
conftest.c: In function 'main':
conftest.c:80: error: expected expression before ')' token
configure:13605: $? = 1
configure: failed program was:
| /* confdefs.h.  */
| #define PACKAGE_NAME "libmtp"
| #define PACKAGE_TARNAME "libmtp"
| #define PACKAGE_VERSION "1.0.1"
| #define PACKAGE_STRING "libmtp 1.0.1"
| #define PACKAGE_BUGREPORT "libmtp-discuss@lists.sourceforge.net"
| #define PACKAGE "libmtp"
| #define VERSION "1.0.1"
| #define STDC_HEADERS 1
| #define HAVE_SYS_TYPES_H 1
| #define HAVE_SYS_STAT_H 1
| #define HAVE_STDLIB_H 1
| #define HAVE_STRING_H 1
| #define HAVE_MEMORY_H 1
| #define HAVE_STRINGS_H 1
| #define HAVE_INTTYPES_H 1
| #define HAVE_STDINT_H 1
| #define HAVE_UNISTD_H 1
| #define HAVE_DLFCN_H 1
| #define LT_OBJDIR ".libs/"
| #define HAVE_ICONV 1
| #define ICONV_CONST 
| #define HAVE_LIBUSB 1
| #define STDC_HEADERS 1
| #define TIME_WITH_SYS_TIME 1
| #define HAVE_CTYPE_H 1
| #define HAVE_ERRNO_H 1
| #define HAVE_FCNTL_H 1
| #define HAVE_GETOPT_H 1
| #define HAVE_LIBGEN_H 1
| #define HAVE_LIMITS_H 1
| #define HAVE_STDIO_H 1
| #define HAVE_STRING_H 1
| #define HAVE_SYS_STAT_H 1
| #define HAVE_SYS_TIME_H 1
| #define HAVE_UNISTD_H 1
| #define HAVE_ICONV_H 1
| #define HAVE_LANGINFO_H 1
| #define HAVE_LOCALE_H 1
| #define HAVE_ARPA_INET_H 1
| #define HAVE_SYS_UIO_H 1
| #define RETSIGTYPE void
| /* end confdefs.h.  */
| #include <stdio.h>
| #ifdef HAVE_SYS_TYPES_H
| # include <sys/types.h>
| #endif
| #ifdef HAVE_SYS_STAT_H
| # include <sys/stat.h>
| #endif
| #ifdef STDC_HEADERS
| # include <stdlib.h>
| # include <stddef.h>
| #else
| # ifdef HAVE_STDLIB_H
| #  include <stdlib.h>
| # endif
| #endif
| #ifdef HAVE_STRING_H
| # if !defined STDC_HEADERS && defined HAVE_MEMORY_H
| #  include <memory.h>
| # endif
| # include <string.h>
| #endif
| #ifdef HAVE_STRINGS_H
| # include <strings.h>
| #endif
| #ifdef HAVE_INTTYPES_H
| # include <inttypes.h>
| #endif
| #ifdef HAVE_STDINT_H
| # include <stdint.h>
| #endif
| #ifdef HAVE_UNISTD_H
| # include <unistd.h>
| #endif
| int
| main ()
| {
| if (sizeof ((size_t)))
| 	  return 0;
|   ;
|   return 0;
| }
configure:13628: result: yes
configure:13640: checking for struct stat.st_blksize
configure:13668: gcc -c -g -O2 -DUSE_DARWIN  conftest.c >&5
configure:13675: $? = 0
configure:13733: result: yes
configure:13756: checking for stdlib.h
configure:13763: result: yes
configure:13902: checking for GNU libc compatible malloc
configure:13967: result: yes
configure:13995: checking for working memcmp
configure:14048: gcc -o conftest -g -O2 -DUSE_DARWIN  -framework IOKit -framework CoreFoundation conftest.c -lusb  >&5
configure:14052: $? = 0
configure:14058: ./conftest
configure:14062: $? = 0
configure:14079: result: yes
configure:14088: checking whether lstat dereferences a symlink specified with a trailing slash
configure:14124: gcc -o conftest -g -O2 -DUSE_DARWIN  -framework IOKit -framework CoreFoundation conftest.c -lusb  >&5
configure:14128: $? = 0
configure:14134: ./conftest
configure:14138: $? = 1
configure: program exited with status 1
configure: failed program was:
| /* confdefs.h.  */
| #define PACKAGE_NAME "libmtp"
| #define PACKAGE_TARNAME "libmtp"
| #define PACKAGE_VERSION "1.0.1"
| #define PACKAGE_STRING "libmtp 1.0.1"
| #define PACKAGE_BUGREPORT "libmtp-discuss@lists.sourceforge.net"
| #define PACKAGE "libmtp"
| #define VERSION "1.0.1"
| #define STDC_HEADERS 1
| #define HAVE_SYS_TYPES_H 1
| #define HAVE_SYS_STAT_H 1
| #define HAVE_STDLIB_H 1
| #define HAVE_STRING_H 1
| #define HAVE_MEMORY_H 1
| #define HAVE_STRINGS_H 1
| #define HAVE_INTTYPES_H 1
| #define HAVE_STDINT_H 1
| #define HAVE_UNISTD_H 1
| #define HAVE_DLFCN_H 1
| #define LT_OBJDIR ".libs/"
| #define HAVE_ICONV 1
| #define ICONV_CONST 
| #define HAVE_LIBUSB 1
| #define STDC_HEADERS 1
| #define TIME_WITH_SYS_TIME 1
| #define HAVE_CTYPE_H 1
| #define HAVE_ERRNO_H 1
| #define HAVE_FCNTL_H 1
| #define HAVE_GETOPT_H 1
| #define HAVE_LIBGEN_H 1
| #define HAVE_LIMITS_H 1
| #define HAVE_STDIO_H 1
| #define HAVE_STRING_H 1
| #define HAVE_SYS_STAT_H 1
| #define HAVE_SYS_TIME_H 1
| #define HAVE_UNISTD_H 1
| #define HAVE_ICONV_H 1
| #define HAVE_LANGINFO_H 1
| #define HAVE_LOCALE_H 1
| #define HAVE_ARPA_INET_H 1
| #define HAVE_SYS_UIO_H 1
| #define RETSIGTYPE void
| #define HAVE_STRUCT_STAT_ST_BLKSIZE 1
| #define HAVE_ST_BLKSIZE 1
| #define HAVE_STDLIB_H 1
| #define HAVE_MALLOC 1
| /* end confdefs.h.  */
| #include <stdio.h>
| #ifdef HAVE_SYS_TYPES_H
| # include <sys/types.h>
| #endif
| #ifdef HAVE_SYS_STAT_H
| # include <sys/stat.h>
| #endif
| #ifdef STDC_HEADERS
| # include <stdlib.h>
| # include <stddef.h>
| #else
| # ifdef HAVE_STDLIB_H
| #  include <stdlib.h>
| # endif
| #endif
| #ifdef HAVE_STRING_H
| # if !defined STDC_HEADERS && defined HAVE_MEMORY_H
| #  include <memory.h>
| # endif
| # include <string.h>
| #endif
| #ifdef HAVE_STRINGS_H
| # include <strings.h>
| #endif
| #ifdef HAVE_INTTYPES_H
| # include <inttypes.h>
| #endif
| #ifdef HAVE_STDINT_H
| # include <stdint.h>
| #endif
| #ifdef HAVE_UNISTD_H
| # include <unistd.h>
| #endif
| int
| main ()
| {
| struct stat sbuf;
|      /* Linux will dereference the symlink and fail.
| 	That is better in the sense that it means we will not
| 	have to compile and use the lstat wrapper.  */
|      return lstat ("conftest.sym/", &sbuf) == 0;
|   ;
|   return 0;
| }
configure:14162: result: no
configure:14181: checking whether stat accepts an empty string
configure:14211: gcc -o conftest -g -O2 -DUSE_DARWIN  -framework IOKit -framework CoreFoundation conftest.c -lusb  >&5
configure:14215: $? = 0
configure:14221: ./conftest
configure:14225: $? = 0
configure:14242: result: no
configure:14270: checking for basename
configure:14326: gcc -o conftest -g -O2 -DUSE_DARWIN  -framework IOKit -framework CoreFoundation conftest.c -lusb  >&5
configure:14333: $? = 0
configure:14355: result: yes
configure:14270: checking for memset
configure:14326: gcc -o conftest -g -O2 -DUSE_DARWIN  -framework IOKit -framework CoreFoundation conftest.c -lusb  >&5
conftest.c:72: warning: conflicting types for built-in function 'memset'
configure:14333: $? = 0
configure:14355: result: yes
configure:14270: checking for select
configure:14326: gcc -o conftest -g -O2 -DUSE_DARWIN  -framework IOKit -framework CoreFoundation conftest.c -lusb  >&5
configure:14333: $? = 0
configure:14355: result: yes
configure:14270: checking for strdup
configure:14326: gcc -o conftest -g -O2 -DUSE_DARWIN  -framework IOKit -framework CoreFoundation conftest.c -lusb  >&5
conftest.c:74: warning: conflicting types for built-in function 'strdup'
configure:14333: $? = 0
configure:14355: result: yes
configure:14270: checking for strerror
configure:14326: gcc -o conftest -g -O2 -DUSE_DARWIN  -framework IOKit -framework CoreFoundation conftest.c -lusb  >&5
configure:14333: $? = 0
configure:14355: result: yes
configure:14270: checking for strrchr
configure:14326: gcc -o conftest -g -O2 -DUSE_DARWIN  -framework IOKit -framework CoreFoundation conftest.c -lusb  >&5
conftest.c:76: warning: conflicting types for built-in function 'strrchr'
configure:14333: $? = 0
configure:14355: result: yes
configure:14270: checking for strtoul
configure:14326: gcc -o conftest -g -O2 -DUSE_DARWIN  -framework IOKit -framework CoreFoundation conftest.c -lusb  >&5
configure:14333: $? = 0
configure:14355: result: yes
configure:14270: checking for usleep
configure:14326: gcc -o conftest -g -O2 -DUSE_DARWIN  -framework IOKit -framework CoreFoundation conftest.c -lusb  >&5
configure:14333: $? = 0
configure:14355: result: yes
configure:14270: checking for mkstemp
configure:14326: gcc -o conftest -g -O2 -DUSE_DARWIN  -framework IOKit -framework CoreFoundation conftest.c -lusb  >&5
configure:14333: $? = 0
configure:14355: result: yes
configure:14377: checking for special C compiler options needed for large files
configure:14472: result: no
configure:14478: checking for _FILE_OFFSET_BITS value needed for large files
configure:14513: gcc -c -g -O2 -DUSE_DARWIN  conftest.c >&5
configure:14520: $? = 0
configure:14589: result: no
configure:14805: checking for uint8_t in stdint.h
configure:14822: result: yes
configure:15050: checking whether byte ordering is bigendian
configure:15075: gcc -c -g -O2 -DUSE_DARWIN -Wall -Wmissing-prototypes  conftest.c >&5
configure:15082: $? = 0
configure:15132: gcc -c -g -O2 -DUSE_DARWIN -Wall -Wmissing-prototypes  conftest.c >&5
configure:15139: $? = 0
configure:15171: gcc -c -g -O2 -DUSE_DARWIN -Wall -Wmissing-prototypes  conftest.c >&5
conftest.c: In function 'main':
conftest.c:64: error: 'not' undeclared (first use in this function)
conftest.c:64: error: (Each undeclared identifier is reported only once
conftest.c:64: error: for each function it appears in.)
conftest.c:64: error: expected ';' before 'big'
configure:15178: $? = 1
configure: failed program was:
| /* confdefs.h.  */
| #define PACKAGE_NAME "libmtp"
| #define PACKAGE_TARNAME "libmtp"
| #define PACKAGE_VERSION "1.0.1"
| #define PACKAGE_STRING "libmtp 1.0.1"
| #define PACKAGE_BUGREPORT "libmtp-discuss@lists.sourceforge.net"
| #define PACKAGE "libmtp"
| #define VERSION "1.0.1"
| #define STDC_HEADERS 1
| #define HAVE_SYS_TYPES_H 1
| #define HAVE_SYS_STAT_H 1
| #define HAVE_STDLIB_H 1
| #define HAVE_STRING_H 1
| #define HAVE_MEMORY_H 1
| #define HAVE_STRINGS_H 1
| #define HAVE_INTTYPES_H 1
| #define HAVE_STDINT_H 1
| #define HAVE_UNISTD_H 1
| #define HAVE_DLFCN_H 1
| #define LT_OBJDIR ".libs/"
| #define HAVE_ICONV 1
| #define ICONV_CONST 
| #define HAVE_LIBUSB 1
| #define STDC_HEADERS 1
| #define TIME_WITH_SYS_TIME 1
| #define HAVE_CTYPE_H 1
| #define HAVE_ERRNO_H 1
| #define HAVE_FCNTL_H 1
| #define HAVE_GETOPT_H 1
| #define HAVE_LIBGEN_H 1
| #define HAVE_LIMITS_H 1
| #define HAVE_STDIO_H 1
| #define HAVE_STRING_H 1
| #define HAVE_SYS_STAT_H 1
| #define HAVE_SYS_TIME_H 1
| #define HAVE_UNISTD_H 1
| #define HAVE_ICONV_H 1
| #define HAVE_LANGINFO_H 1
| #define HAVE_LOCALE_H 1
| #define HAVE_ARPA_INET_H 1
| #define HAVE_SYS_UIO_H 1
| #define RETSIGTYPE void
| #define HAVE_STRUCT_STAT_ST_BLKSIZE 1
| #define HAVE_ST_BLKSIZE 1
| #define HAVE_STDLIB_H 1
| #define HAVE_MALLOC 1
| #define HAVE_BASENAME 1
| #define HAVE_MEMSET 1
| #define HAVE_SELECT 1
| #define HAVE_STRDUP 1
| #define HAVE_STRERROR 1
| #define HAVE_STRRCHR 1
| #define HAVE_STRTOUL 1
| #define HAVE_USLEEP 1
| #define HAVE_MKSTEMP 1
| /* end confdefs.h.  */
| #include <sys/types.h>
| 		#include <sys/param.h>
| 
| int
| main ()
| {
| #if BYTE_ORDER != BIG_ENDIAN
| 		 not big endian
| 		#endif
| 
|   ;
|   return 0;
| }
configure:15430: result: no
configure:15457: checking for le32toh in machine/endian.h
configure:15484: result: no
configure:15489: checking for ntohl in arpa/inet.h
configure:15506: result: yes
configure:15563: checking for swap32 in machine/endian.h
configure:15588: result: no
configure:15592: checking for bswap_32 in byteswap.h
conftest.c:58:22: error: byteswap.h: No such file or directory
configure:15621: result: no
configure:15625: checking for bswap32 in machine/endian.h
configure:15658: result: no
configure:15662: checking for __byte_swap_long in sys/types.h
configure:15699: result: no
configure:15703: checking for NXSwapLong in machine/byte_order.h
configure:15720: result: yes
configure:16166: creating ./config.status

## ---------------------- ##
## Running config.status. ##
## ---------------------- ##

This file was extended by libmtp config.status 1.0.1, which was
generated by GNU Autoconf 2.63.  Invocation command line was

  CONFIG_FILES    = 
  CONFIG_HEADERS  = 
  CONFIG_LINKS    = 
  CONFIG_COMMANDS = 
  $ ./config.status 

on milk.lan

config.status:1039: creating src/libmtp.h
config.status:1039: creating doc/Doxyfile
config.status:1039: creating Makefile
config.status:1039: creating doc/Makefile
config.status:1039: creating src/Makefile
config.status:1039: creating examples/Makefile
config.status:1039: creating libmtp.sh
config.status:1039: creating hotplug.sh
config.status:1039: creating libmtp.pc
config.status:1039: creating config.h
config.status:1261: config.h is unchanged
config.status:1313: executing depfiles commands
config.status:1313: executing libtool commands

## ---------------- ##
## Cache variables. ##
## ---------------- ##

ac_cv_build=i386-apple-darwin10.0.0
ac_cv_c_bigendian=no
ac_cv_c_compiler_gnu=yes
ac_cv_c_const=yes
ac_cv_env_CC_set=
ac_cv_env_CC_value=
ac_cv_env_CFLAGS_set=
ac_cv_env_CFLAGS_value=
ac_cv_env_CPPFLAGS_set=
ac_cv_env_CPPFLAGS_value=
ac_cv_env_CPP_set=
ac_cv_env_CPP_value=
ac_cv_env_LDFLAGS_set=set
ac_cv_env_LDFLAGS_value='-framework IOKit -framework CoreFoundation'
ac_cv_env_LIBS_set=
ac_cv_env_LIBS_value=
ac_cv_env_build_alias_set=
ac_cv_env_build_alias_value=
ac_cv_env_host_alias_set=
ac_cv_env_host_alias_value=
ac_cv_env_target_alias_set=
ac_cv_env_target_alias_value=
ac_cv_func_basename=yes
ac_cv_func_lstat_dereferences_slashed_symlink=no
ac_cv_func_malloc_0_nonnull=yes
ac_cv_func_memcmp_working=yes
ac_cv_func_memset=yes
ac_cv_func_mkstemp=yes
ac_cv_func_select=yes
ac_cv_func_stat_empty_string_bug=no
ac_cv_func_strdup=yes
ac_cv_func_strerror=yes
ac_cv_func_strrchr=yes
ac_cv_func_strtoul=yes
ac_cv_func_usleep=yes
ac_cv_header_arpa_inet_h=yes
ac_cv_header_byteswap_h=no
ac_cv_header_ctype_h=yes
ac_cv_header_dlfcn_h=yes
ac_cv_header_errno_h=yes
ac_cv_header_fcntl_h=yes
ac_cv_header_getopt_h=yes
ac_cv_header_iconv_h=yes
ac_cv_header_inttypes_h=yes
ac_cv_header_langinfo_h=yes
ac_cv_header_libgen_h=yes
ac_cv_header_limits_h=yes
ac_cv_header_locale_h=yes
ac_cv_header_memory_h=yes
ac_cv_header_stdc=yes
ac_cv_header_stdint_h=yes
ac_cv_header_stdio_h=yes
ac_cv_header_stdlib_h=yes
ac_cv_header_string_h=yes
ac_cv_header_strings_h=yes
ac_cv_header_sys_stat_h=yes
ac_cv_header_sys_time_h=yes
ac_cv_header_sys_types_h=yes
ac_cv_header_sys_uio_h=yes
ac_cv_header_time=yes
ac_cv_header_unistd_h=yes
ac_cv_header_usb_h=yes
ac_cv_host=i386-apple-darwin10.0.0
ac_cv_lib_usb_usb_control_msg=yes
ac_cv_member_struct_stat_st_blksize=yes
ac_cv_objext=o
ac_cv_path_EGREP='/usr/bin/grep -E'
ac_cv_path_FGREP='/usr/bin/grep -F'
ac_cv_path_GREP=/usr/bin/grep
ac_cv_path_SED=/opt/local/bin/gsed
ac_cv_path_install='/usr/bin/install -c'
ac_cv_prog_AWK=gawk
ac_cv_prog_CPP='gcc -E'
ac_cv_prog_HAVE_DOXYGEN=false
ac_cv_prog_ac_ct_AR=ar
ac_cv_prog_ac_ct_CC=gcc
ac_cv_prog_ac_ct_DSYMUTIL=dsymutil
ac_cv_prog_ac_ct_LIPO=lipo
ac_cv_prog_ac_ct_NMEDIT=nmedit
ac_cv_prog_ac_ct_OBJDUMP=objdump
ac_cv_prog_ac_ct_OTOOL=otool
ac_cv_prog_ac_ct_RANLIB=ranlib
ac_cv_prog_ac_ct_STRIP=strip
ac_cv_prog_cc_c89=
ac_cv_prog_cc_g=yes
ac_cv_prog_make_make_set=yes
ac_cv_sys_file_offset_bits=no
ac_cv_sys_largefile_CC=no
ac_cv_type_off_t=yes
ac_cv_type_signal=void
ac_cv_type_size_t=yes
ac_cv_type_uint8_t=yes
acl_cv_path_LD=/usr/libexec/gcc/i686-apple-darwin10/4.2.1/ld
acl_cv_prog_gnu_ld=no
acl_cv_rpath=done
am_cv_CC_dependencies_compiler_type=gcc3
am_cv_func_iconv=yes
am_cv_func_iconv_works=yes
am_cv_lib_iconv=yes
am_cv_proto_iconv='extern size_t iconv (iconv_t cd, char * *inbuf, size_t *inbytesleft, char * *outbuf, size_t *outbytesleft);'
am_cv_proto_iconv_arg1=
lt_cv_apple_cc_single_mod=yes
lt_cv_deplibs_check_method=pass_all
lt_cv_file_magic_cmd='$MAGIC_CMD'
lt_cv_file_magic_test_file=
lt_cv_ld_exported_symbols_list=yes
lt_cv_ld_reload_flag=-r
lt_cv_nm_interface='BSD nm'
lt_cv_objdir=.libs
lt_cv_path_LD=/usr/libexec/gcc/i686-apple-darwin10/4.2.1/ld
lt_cv_path_NM=/usr/bin/nm
lt_cv_prog_compiler_c_o=yes
lt_cv_prog_compiler_pic_works=yes
lt_cv_prog_compiler_rtti_exceptions=no
lt_cv_prog_compiler_static_works=no
lt_cv_prog_gnu_ld=no
lt_cv_sys_global_symbol_pipe='sed -n -e '\''s/^.*[	 ]\([BCDEGRST][BCDEGRST]*\)[	 ][	 ]*_\([_A-Za-z][_A-Za-z0-9]*\)$/\1 _\2 \2/p'\'''
lt_cv_sys_global_symbol_to_c_name_address='sed -n -e '\''s/^: \([^ ]*\) $/  {\"\1\", (void *) 0},/p'\'' -e '\''s/^[BCDEGRST]* \([^ ]*\) \([^ ]*\)$/  {"\2", (void *) \&\2},/p'\'''
lt_cv_sys_global_symbol_to_c_name_address_lib_prefix='sed -n -e '\''s/^: \([^ ]*\) $/  {\"\1\", (void *) 0},/p'\'' -e '\''s/^[BCDEGRST]* \([^ ]*\) \(lib[^ ]*\)$/  {"\2", (void *) \&\2},/p'\'' -e '\''s/^[BCDEGRST]* \([^ ]*\) \([^ ]*\)$/  {"lib\2", (void *) \&\2},/p'\'''
lt_cv_sys_global_symbol_to_cdecl='sed -n -e '\''s/^T .* \(.*\)$/extern int \1();/p'\'' -e '\''s/^[BCDEGRST]* .* \(.*\)$/extern char \1;/p'\'''
lt_cv_sys_max_cmd_len=196608

## ----------------- ##
## Output variables. ##
## ----------------- ##

ACLOCAL='${SHELL} /Users/sixones/Desktop/src/libmtp-1.0.1/missing --run aclocal-1.11'
AMDEPBACKSLASH='\'
AMDEP_FALSE='#'
AMDEP_TRUE=''
AMTAR='${SHELL} /Users/sixones/Desktop/src/libmtp-1.0.1/missing --run tar'
AR='ar'
AS='as'
AUTOCONF='${SHELL} /Users/sixones/Desktop/src/libmtp-1.0.1/missing --run autoconf'
AUTOHEADER='${SHELL} /Users/sixones/Desktop/src/libmtp-1.0.1/missing --run autoheader'
AUTOMAKE='${SHELL} /Users/sixones/Desktop/src/libmtp-1.0.1/missing --run automake-1.11'
AWK='gawk'
CC='gcc'
CCDEPMODE='depmode=gcc3'
CFLAGS='-g -O2 -DUSE_DARWIN -Wall -Wmissing-prototypes'
COMPILE_MINGW32_FALSE=''
COMPILE_MINGW32_TRUE='#'
CPP='gcc -E'
CPPFLAGS=''
CYGPATH_W='echo'
DEFS='-DHAVE_CONFIG_H'
DEPDIR='.deps'
DLLTOOL='dlltool'
DSYMUTIL='dsymutil'
DUMPBIN=''
ECHO_C='\c'
ECHO_N=''
ECHO_T=''
EGREP='/usr/bin/grep -E'
EXEEXT=''
FGREP='/usr/bin/grep -F'
GREP='/usr/bin/grep'
HAVE_DOXYGEN='false'
HAVE_DOXYGEN_FALSE=''
HAVE_DOXYGEN_TRUE='#'
INSTALL_DATA='${INSTALL} -m 644'
INSTALL_PROGRAM='${INSTALL}'
INSTALL_SCRIPT='${INSTALL}'
INSTALL_STRIP_PROGRAM='$(install_sh) -c -s'
LD='/usr/libexec/gcc/i686-apple-darwin10/4.2.1/ld'
LDFLAGS='-framework IOKit -framework CoreFoundation'
LIBICONV='-liconv'
LIBOBJS=' ${LIBOBJDIR}lstat$U.o'
LIBS='-lusb '
LIBTOOL='$(SHELL) $(top_builddir)/libtool'
LIPO='lipo'
LN_S='ln -s'
LTLIBICONV='-liconv'
LTLIBOBJS=' ${LIBOBJDIR}lstat$U.lo'
MAKEINFO='${SHELL} /Users/sixones/Desktop/src/libmtp-1.0.1/missing --run makeinfo'
MKDIR_P='./install-sh -c -d'
MS_LIB_EXE_FALSE=''
MS_LIB_EXE_TRUE='#'
NM='/usr/bin/nm'
NMEDIT='nmedit'
OBJDUMP='objdump'
OBJEXT='o'
OSFLAGS='-framework IOKit'
OTOOL64=':'
OTOOL='otool'
PACKAGE='libmtp'
PACKAGE_BUGREPORT='libmtp-discuss@lists.sourceforge.net'
PACKAGE_NAME='libmtp'
PACKAGE_STRING='libmtp 1.0.1'
PACKAGE_TARNAME='libmtp'
PACKAGE_VERSION='1.0.1'
PATH_SEPARATOR=':'
RANLIB='ranlib'
SED='/opt/local/bin/gsed'
SET_MAKE=''
SHELL='/bin/sh'
STRIP='strip'
VERSION='1.0.1'
ac_ct_CC='gcc'
ac_ct_DUMPBIN=''
am__EXEEXT_FALSE=''
am__EXEEXT_TRUE='#'
am__fastdepCC_FALSE='#'
am__fastdepCC_TRUE=''
am__include='include'
am__isrc=''
am__leading_dot='.'
am__quote=''
am__tar='${AMTAR} chof - "$$tardir"'
am__untar='${AMTAR} xf -'
bindir='${exec_prefix}/bin'
build='i386-apple-darwin10.0.0'
build_alias=''
build_cpu='i386'
build_os='darwin10.0.0'
build_vendor='apple'
datadir='${datarootdir}'
datarootdir='${prefix}/share'
docdir='${datarootdir}/doc/${PACKAGE_TARNAME}'
dvidir='${docdir}'
effective_target='i386-apple-darwin10.0.0'
exec_prefix='${prefix}'
host='i386-apple-darwin10.0.0'
host_alias=''
host_cpu='i386'
host_os='darwin10.0.0'
host_vendor='apple'
htmldir='${docdir}'
includedir='${prefix}/include'
infodir='${datarootdir}/info'
install_sh='${SHELL} /Users/sixones/Desktop/src/libmtp-1.0.1/install-sh'
libdir='${exec_prefix}/lib'
libexecdir='${exec_prefix}/libexec'
localedir='${datarootdir}/locale'
localstatedir='${prefix}/var'
lt_ECHO='/bin/echo'
mandir='${datarootdir}/man'
mkdir_p='$(top_builddir)/./install-sh -c -d'
ms_lib_exe=''
oldincludedir='/usr/include'
pdfdir='${docdir}'
prefix='/usr/local'
program_transform_name='s,^,mtp-,;s,x,x,'
psdir='${docdir}'
sbindir='${exec_prefix}/sbin'
sharedstatedir='${prefix}/com'
sysconfdir='${prefix}/etc'
target_alias=''

## ----------- ##
## confdefs.h. ##
## ----------- ##

#define PACKAGE_NAME "libmtp"
#define PACKAGE_TARNAME "libmtp"
#define PACKAGE_VERSION "1.0.1"
#define PACKAGE_STRING "libmtp 1.0.1"
#define PACKAGE_BUGREPORT "libmtp-discuss@lists.sourceforge.net"
#define PACKAGE "libmtp"
#define VERSION "1.0.1"
#define STDC_HEADERS 1
#define HAVE_SYS_TYPES_H 1
#define HAVE_SYS_STAT_H 1
#define HAVE_STDLIB_H 1
#define HAVE_STRING_H 1
#define HAVE_MEMORY_H 1
#define HAVE_STRINGS_H 1
#define HAVE_INTTYPES_H 1
#define HAVE_STDINT_H 1
#define HAVE_UNISTD_H 1
#define HAVE_DLFCN_H 1
#define LT_OBJDIR ".libs/"
#define HAVE_ICONV 1
#define ICONV_CONST 
#define HAVE_LIBUSB 1
#define STDC_HEADERS 1
#define TIME_WITH_SYS_TIME 1
#define HAVE_CTYPE_H 1
#define HAVE_ERRNO_H 1
#define HAVE_FCNTL_H 1
#define HAVE_GETOPT_H 1
#define HAVE_LIBGEN_H 1
#define HAVE_LIMITS_H 1
#define HAVE_STDIO_H 1
#define HAVE_STRING_H 1
#define HAVE_SYS_STAT_H 1
#define HAVE_SYS_TIME_H 1
#define HAVE_UNISTD_H 1
#define HAVE_ICONV_H 1
#define HAVE_LANGINFO_H 1
#define HAVE_LOCALE_H 1
#define HAVE_ARPA_INET_H 1
#define HAVE_SYS_UIO_H 1
#define RETSIGTYPE void
#define HAVE_STRUCT_STAT_ST_BLKSIZE 1
#define HAVE_ST_BLKSIZE 1
#define HAVE_STDLIB_H 1
#define HAVE_MALLOC 1
#define HAVE_BASENAME 1
#define HAVE_MEMSET 1
#define HAVE_SELECT 1
#define HAVE_STRDUP 1
#define HAVE_STRERROR 1
#define HAVE_STRRCHR 1
#define HAVE_STRTOUL 1
#define HAVE_USLEEP 1
#define HAVE_MKSTEMP 1

configure: exit 0
